<?xml version="1.0" encoding="UTF-8"?>
<testsuite name="com.example.isaacwebproject.IsaacWebProjectApplicationTests" tests="1" skipped="0" failures="0" errors="0" timestamp="2023-12-04T02:24:38" hostname="DESKTOP-ONE4R81" time="0.955">
  <properties/>
  <testcase name="contextLoads()" classname="com.example.isaacwebproject.IsaacWebProjectApplicationTests" time="0.955"/>
  <system-out><![CDATA[11:24:36.758 [Test worker] INFO org.springframework.test.context.support.AnnotationConfigContextLoaderUtils -- Could not detect default configuration classes for test class [com.example.isaacwebproject.IsaacWebProjectApplicationTests]: IsaacWebProjectApplicationTests does not declare any static, non-private, non-final, nested classes annotated with @Configuration.
11:24:36.843 [Test worker] INFO org.springframework.boot.test.context.SpringBootTestContextBootstrapper -- Found @SpringBootConfiguration com.example.isaacwebproject.IsaacWebProjectApplication for test class com.example.isaacwebproject.IsaacWebProjectApplicationTests

  .   ____          _            __ _ _
 /\\ / ___'_ __ _ _(_)_ __  __ _ \ \ \ \
( ( )\___ | '_ | '_| | '_ \/ _` | \ \ \ \
 \\/  ___)| |_)| | | | | || (_| |  ) ) ) )
  '  |____| .__|_| |_|_| |_\__, | / / / /
 =========|_|==============|___/=/_/_/_/
 :: Spring Boot ::                (v3.1.5)

2023-12-04T11:24:37.193+09:00  INFO 8544 --- [    Test worker] c.e.i.IsaacWebProjectApplicationTests    : Starting IsaacWebProjectApplicationTests using Java 17.0.8 with PID 8544 (started by ITSC in C:\Users\ITSC\Desktop\ProjectCheck\IsaacWebProject1)
2023-12-04T11:24:37.194+09:00  INFO 8544 --- [    Test worker] c.e.i.IsaacWebProjectApplicationTests    : No active profile set, falling back to 1 default profile: "default"
2023-12-04T11:24:37.954+09:00  INFO 8544 --- [    Test worker] trationDelegate$BeanPostProcessorChecker : Bean 'org.springframework.ws.config.annotation.DelegatingWsConfiguration' of type [org.springframework.ws.config.annotation.DelegatingWsConfiguration$$SpringCGLIB$$0] is not eligible for getting processed by all BeanPostProcessors (for example: not eligible for auto-proxying)
2023-12-04T11:24:37.976+09:00  INFO 8544 --- [    Test worker] .w.s.a.s.AnnotationActionEndpointMapping : Supporting [WS-Addressing August 2004, WS-Addressing 1.0]
2023-12-04T11:24:38.776+09:00  INFO 8544 --- [    Test worker] c.e.i.IsaacWebProjectApplicationTests    : Started IsaacWebProjectApplicationTests in 1.807 seconds (process running for 2.677)
2023-12-04T11:24:39.425+09:00  INFO 8544 --- [    Test worker] com.zaxxer.hikari.HikariDataSource       : HikariPool-1 - Starting...
2023-12-04T11:24:39.601+09:00  INFO 8544 --- [    Test worker] com.zaxxer.hikari.pool.HikariPool        : HikariPool-1 - Added connection oracle.jdbc.driver.T4CConnection@323c6f9c
2023-12-04T11:24:39.602+09:00  INFO 8544 --- [    Test worker] com.zaxxer.hikari.HikariDataSource       : HikariPool-1 - Start completed.
Collections(id=1, img_url=static/images/collections/icon/crown.png, price=100, name=crown)
]]></system-out>
  <system-err><![CDATA[]]></system-err>
</testsuite>
